<?xml version="1.0" encoding="UTF-8"?>
<!-- Generated by org.testng.reporters.JUnitReportReporter -->
<testsuite skipped="0" hostname="WINDOWS-A8A1UNJ" name="hema.SampleAndroid.TestViews" tests="1" failures="0" timestamp="2020-04-09T07:43:21 IST" time="67.134" errors="0">
  <testcase name="testDragAndDrop" time="67.134" classname="hema.SampleAndroid.TestViews"/>
</testsuite> <!-- hema.SampleAndroid.TestViews -->
